2025-09-23 14:26:53,298 DEBUG c.p.d.a.c.PropertyFilePatternRegisteringListener [main] Start loading property files...
2025-09-23 14:26:53,335 DEBUG c.p.d.a.c.PropertyFilePatternRegisteringListener [main] External property file: null
2025-09-23 14:26:53,337 DEBUG c.p.d.a.c.PropertyFilePatternRegisteringListener [main] Processing resource file from location: file [D:\Workspace\BitsFlow\Communication\target\classes\product-config\application.properties] with file name: application.properties
2025-09-23 14:26:53,342 DEBUG c.p.d.a.c.PropertyFilePatternRegisteringListener [main] Processing resource file from location: file [D:\Workspace\BitsFlow\Communication\target\classes\product-config\quartz.properties] with file name: quartz.properties
2025-09-23 14:26:53,349 INFO c.p.d.a.c.PropertyFilePatternRegisteringListener [main] Loading database properties....
2025-09-23 14:26:54,418 ERROR o.s.b.SpringApplication [main] Application run failed
java.lang.RuntimeException: Error occurred while processing database properties
	at com.pk.development.app.config.PropertyFilePatternRegisteringListener.loadPropertiesFromDatabase(PropertyFilePatternRegisteringListener.java:216)
	at com.pk.development.app.config.PropertyFilePatternRegisteringListener.onApplicationEvent(PropertyFilePatternRegisteringListener.java:69)
	at com.pk.development.app.config.PropertyFilePatternRegisteringListener.onApplicationEvent(PropertyFilePatternRegisteringListener.java:1)
	at org.springframework.context.event.SimpleApplicationEventMulticaster.doInvokeListener(SimpleApplicationEventMulticaster.java:185)
	at org.springframework.context.event.SimpleApplicationEventMulticaster.invokeListener(SimpleApplicationEventMulticaster.java:178)
	at org.springframework.context.event.SimpleApplicationEventMulticaster.multicastEvent(SimpleApplicationEventMulticaster.java:156)
	at org.springframework.context.event.SimpleApplicationEventMulticaster.multicastEvent(SimpleApplicationEventMulticaster.java:138)
	at org.springframework.boot.context.event.EventPublishingRunListener.multicastInitialEvent(EventPublishingRunListener.java:136)
	at org.springframework.boot.context.event.EventPublishingRunListener.environmentPrepared(EventPublishingRunListener.java:81)
	at org.springframework.boot.SpringApplicationRunListeners.lambda$environmentPrepared$2(SpringApplicationRunListeners.java:64)
	at java.base/java.lang.Iterable.forEach(Iterable.java:75)
	at org.springframework.boot.SpringApplicationRunListeners.doWithListeners(SpringApplicationRunListeners.java:118)
	at org.springframework.boot.SpringApplicationRunListeners.doWithListeners(SpringApplicationRunListeners.java:112)
	at org.springframework.boot.SpringApplicationRunListeners.environmentPrepared(SpringApplicationRunListeners.java:63)
	at org.springframework.boot.SpringApplication.prepareEnvironment(SpringApplication.java:369)
	at org.springframework.boot.SpringApplication.run(SpringApplication.java:329)
	at org.springframework.boot.SpringApplication.run(SpringApplication.java:1354)
	at org.springframework.boot.SpringApplication.run(SpringApplication.java:1343)
	at com.pk.development.DevelopmentApplication.main(DevelopmentApplication.java:12)
Caused by: java.sql.SQLException: The url cannot be null
	at java.sql/java.sql.DriverManager.getConnection(DriverManager.java:664)
	at java.sql/java.sql.DriverManager.getConnection(DriverManager.java:229)
	at com.pk.development.app.config.PropertyFilePatternRegisteringListener.loadPropertiesFromDatabase(PropertyFilePatternRegisteringListener.java:206)
	... 18 common frames omitted
2025-09-23 14:36:35,175 DEBUG c.p.d.a.c.PropertyFilePatternRegisteringListener [main] Start loading property files...
2025-09-23 14:36:35,191 DEBUG c.p.d.a.c.PropertyFilePatternRegisteringListener [main] External property file: null
2025-09-23 14:36:35,192 DEBUG c.p.d.a.c.PropertyFilePatternRegisteringListener [main] Processing resource file from location: file [D:\Workspace\BitsFlow\Communication\target\classes\product-config\application.properties] with file name: application.properties
2025-09-23 14:36:35,196 DEBUG c.p.d.a.c.PropertyFilePatternRegisteringListener [main] Processing resource file from location: file [D:\Workspace\BitsFlow\Communication\target\classes\product-config\quartz.properties] with file name: quartz.properties
2025-09-23 14:36:35,198 INFO c.p.d.a.c.PropertyFilePatternRegisteringListener [main] Loading database properties....
2025-09-23 14:36:35,580 ERROR o.s.b.SpringApplication [main] Application run failed
java.lang.RuntimeException: Error occurred while processing database properties
	at com.pk.development.app.config.PropertyFilePatternRegisteringListener.loadPropertiesFromDatabase(PropertyFilePatternRegisteringListener.java:216)
	at com.pk.development.app.config.PropertyFilePatternRegisteringListener.onApplicationEvent(PropertyFilePatternRegisteringListener.java:69)
	at com.pk.development.app.config.PropertyFilePatternRegisteringListener.onApplicationEvent(PropertyFilePatternRegisteringListener.java:1)
	at org.springframework.context.event.SimpleApplicationEventMulticaster.doInvokeListener(SimpleApplicationEventMulticaster.java:185)
	at org.springframework.context.event.SimpleApplicationEventMulticaster.invokeListener(SimpleApplicationEventMulticaster.java:178)
	at org.springframework.context.event.SimpleApplicationEventMulticaster.multicastEvent(SimpleApplicationEventMulticaster.java:156)
	at org.springframework.context.event.SimpleApplicationEventMulticaster.multicastEvent(SimpleApplicationEventMulticaster.java:138)
	at org.springframework.boot.context.event.EventPublishingRunListener.multicastInitialEvent(EventPublishingRunListener.java:136)
	at org.springframework.boot.context.event.EventPublishingRunListener.environmentPrepared(EventPublishingRunListener.java:81)
	at org.springframework.boot.SpringApplicationRunListeners.lambda$environmentPrepared$2(SpringApplicationRunListeners.java:64)
	at java.base/java.lang.Iterable.forEach(Iterable.java:75)
	at org.springframework.boot.SpringApplicationRunListeners.doWithListeners(SpringApplicationRunListeners.java:118)
	at org.springframework.boot.SpringApplicationRunListeners.doWithListeners(SpringApplicationRunListeners.java:112)
	at org.springframework.boot.SpringApplicationRunListeners.environmentPrepared(SpringApplicationRunListeners.java:63)
	at org.springframework.boot.SpringApplication.prepareEnvironment(SpringApplication.java:369)
	at org.springframework.boot.SpringApplication.run(SpringApplication.java:329)
	at org.springframework.boot.SpringApplication.run(SpringApplication.java:1354)
	at org.springframework.boot.SpringApplication.run(SpringApplication.java:1343)
	at com.pk.development.DevelopmentApplication.main(DevelopmentApplication.java:12)
Caused by: java.sql.SQLException: The url cannot be null
	at java.sql/java.sql.DriverManager.getConnection(DriverManager.java:664)
	at java.sql/java.sql.DriverManager.getConnection(DriverManager.java:229)
	at com.pk.development.app.config.PropertyFilePatternRegisteringListener.loadPropertiesFromDatabase(PropertyFilePatternRegisteringListener.java:206)
	... 18 common frames omitted
2025-09-23 15:17:45,662 DEBUG c.p.d.a.c.PropertyFilePatternRegisteringListener [main] Start loading property files...
2025-09-23 15:17:45,674 DEBUG c.p.d.a.c.PropertyFilePatternRegisteringListener [main] External property file: null
2025-09-23 15:17:45,676 DEBUG c.p.d.a.c.PropertyFilePatternRegisteringListener [main] Processing resource file from location: file [D:\Workspace\BitsFlow\Communication\target\classes\product-config\application.properties] with file name: application.properties
2025-09-23 15:17:45,679 DEBUG c.p.d.a.c.PropertyFilePatternRegisteringListener [main] Processing resource file from location: file [D:\Workspace\BitsFlow\Communication\target\classes\product-config\quartz.properties] with file name: quartz.properties
2025-09-23 15:17:45,680 INFO c.p.d.a.c.PropertyFilePatternRegisteringListener [main] Loading database properties....
2025-09-23 15:17:46,122 ERROR o.s.b.SpringApplication [main] Application run failed
java.lang.RuntimeException: Error occurred while processing database properties
	at com.pk.development.app.config.PropertyFilePatternRegisteringListener.loadPropertiesFromDatabase(PropertyFilePatternRegisteringListener.java:211)
	at com.pk.development.app.config.PropertyFilePatternRegisteringListener.onApplicationEvent(PropertyFilePatternRegisteringListener.java:64)
	at com.pk.development.app.config.PropertyFilePatternRegisteringListener.onApplicationEvent(PropertyFilePatternRegisteringListener.java:1)
	at org.springframework.context.event.SimpleApplicationEventMulticaster.doInvokeListener(SimpleApplicationEventMulticaster.java:185)
	at org.springframework.context.event.SimpleApplicationEventMulticaster.invokeListener(SimpleApplicationEventMulticaster.java:178)
	at org.springframework.context.event.SimpleApplicationEventMulticaster.multicastEvent(SimpleApplicationEventMulticaster.java:156)
	at org.springframework.context.event.SimpleApplicationEventMulticaster.multicastEvent(SimpleApplicationEventMulticaster.java:138)
	at org.springframework.boot.context.event.EventPublishingRunListener.multicastInitialEvent(EventPublishingRunListener.java:136)
	at org.springframework.boot.context.event.EventPublishingRunListener.environmentPrepared(EventPublishingRunListener.java:81)
	at org.springframework.boot.SpringApplicationRunListeners.lambda$environmentPrepared$2(SpringApplicationRunListeners.java:64)
	at java.base/java.lang.Iterable.forEach(Iterable.java:75)
	at org.springframework.boot.SpringApplicationRunListeners.doWithListeners(SpringApplicationRunListeners.java:118)
	at org.springframework.boot.SpringApplicationRunListeners.doWithListeners(SpringApplicationRunListeners.java:112)
	at org.springframework.boot.SpringApplicationRunListeners.environmentPrepared(SpringApplicationRunListeners.java:63)
	at org.springframework.boot.SpringApplication.prepareEnvironment(SpringApplication.java:369)
	at org.springframework.boot.SpringApplication.run(SpringApplication.java:329)
	at org.springframework.boot.SpringApplication.run(SpringApplication.java:1354)
	at org.springframework.boot.SpringApplication.run(SpringApplication.java:1343)
	at com.pk.development.DevelopmentApplication.main(DevelopmentApplication.java:12)
Caused by: java.sql.SQLException: The url cannot be null
	at java.sql/java.sql.DriverManager.getConnection(DriverManager.java:664)
	at java.sql/java.sql.DriverManager.getConnection(DriverManager.java:229)
	at com.pk.development.app.config.PropertyFilePatternRegisteringListener.loadPropertiesFromDatabase(PropertyFilePatternRegisteringListener.java:201)
	... 18 common frames omitted
